<?xml version="1.0" encoding="UTF-8"?>
<!-- Generated by org.testng.reporters.JUnitXMLReporter -->
<testsuite ignored="0" hostname="LTIN611908" failures="0" tests="4" name="Hackathon_Project" time="77.874" errors="0" timestamp="2025-07-15T10:53:52 IST">
  <testcase classname="com.cts.policy_bazaar.testrunner.Scenario3_Runner" name="validateIfInsuranceProductIsEnabled" time="1.357"/>
  <testcase classname="com.cts.policy_bazaar.testrunner.Scenario3_Runner" name="validateIfHealthInsuranceIsEnabled" time="1.25"/>
  <testcase classname="com.cts.policy_bazaar.testrunner.Scenario3_Runner" name="validateIfWeSwitchedToHealthInsurancePage" time="5.271"/>
  <testcase classname="com.cts.policy_bazaar.testrunner.Scenario3_Runner" name="validateRetrievingHealthInsuranceData" time="21.458"/>
</testsuite> <!-- Hackathon_Project -->
