<?xml version="1.0" encoding="UTF-8"?>
<testng-results ignored="0" total="4" passed="4" failed="0" skipped="0">
  <reporter-output>
  </reporter-output>
  <suite started-at="2025-07-15T10:52:34 IST" name="Default Suite" finished-at="2025-07-15T10:53:52 IST" duration-ms="77874">
    <groups>
    </groups>
    <test started-at="2025-07-15T10:52:34 IST" name="Hackathon_Project" finished-at="2025-07-15T10:53:52 IST" duration-ms="77874">
      <class name="com.cts.policy_bazaar.testrunner.Scenario3_Runner">
        <test-method is-config="true" signature="init()[pri:0, instance:com.cts.policy_bazaar.testrunner.Scenario3_Runner@52e6fdee]" started-at="2025-07-15T10:52:35 IST" name="init" finished-at="2025-07-15T10:52:41 IST" duration-ms="6887" status="PASS">
          <reporter-output>
          </reporter-output>
        </test-method> <!-- init -->
        <test-method signature="validateIfInsuranceProductIsEnabled()[pri:0, instance:com.cts.policy_bazaar.testrunner.Scenario3_Runner@52e6fdee]" started-at="2025-07-15T10:52:41 IST" name="validateIfInsuranceProductIsEnabled" finished-at="2025-07-15T10:52:43 IST" duration-ms="1357" status="PASS">
          <reporter-output>
          </reporter-output>
        </test-method> <!-- validateIfInsuranceProductIsEnabled -->
        <test-method is-config="true" signature="end()[pri:0, instance:com.cts.policy_bazaar.testrunner.Scenario3_Runner@52e6fdee]" started-at="2025-07-15T10:52:43 IST" name="end" finished-at="2025-07-15T10:52:49 IST" duration-ms="6617" status="PASS">
          <reporter-output>
          </reporter-output>
        </test-method> <!-- end -->
        <test-method is-config="true" signature="init()[pri:0, instance:com.cts.policy_bazaar.testrunner.Scenario3_Runner@52e6fdee]" started-at="2025-07-15T10:52:49 IST" name="init" finished-at="2025-07-15T10:52:55 IST" duration-ms="5314" status="PASS">
          <reporter-output>
          </reporter-output>
        </test-method> <!-- init -->
        <test-method signature="validateIfHealthInsuranceIsEnabled()[pri:1, instance:com.cts.policy_bazaar.testrunner.Scenario3_Runner@52e6fdee]" started-at="2025-07-15T10:52:55 IST" name="validateIfHealthInsuranceIsEnabled" finished-at="2025-07-15T10:52:56 IST" duration-ms="1250" status="PASS">
          <reporter-output>
          </reporter-output>
        </test-method> <!-- validateIfHealthInsuranceIsEnabled -->
        <test-method is-config="true" signature="end()[pri:0, instance:com.cts.policy_bazaar.testrunner.Scenario3_Runner@52e6fdee]" started-at="2025-07-15T10:52:56 IST" name="end" finished-at="2025-07-15T10:53:01 IST" duration-ms="4685" status="PASS">
          <reporter-output>
          </reporter-output>
        </test-method> <!-- end -->
        <test-method is-config="true" signature="init()[pri:0, instance:com.cts.policy_bazaar.testrunner.Scenario3_Runner@52e6fdee]" started-at="2025-07-15T10:53:03 IST" name="init" finished-at="2025-07-15T10:53:09 IST" duration-ms="5638" status="PASS">
          <reporter-output>
          </reporter-output>
        </test-method> <!-- init -->
        <test-method signature="validateIfWeSwitchedToHealthInsurancePage(java.lang.String,java.lang.String)[pri:2, instance:com.cts.policy_bazaar.testrunner.Scenario3_Runner@52e6fdee]" started-at="2025-07-15T10:53:09 IST" name="validateIfWeSwitchedToHealthInsurancePage" data-provider="excelTestData" finished-at="2025-07-15T10:53:14 IST" duration-ms="5271" status="PASS">
          <params>
            <param index="0">
              <value>
                <![CDATA[Health Insurance: Buy Medical Insurance Plans @ ₹10/Day*]]>
              </value>
            </param>
            <param index="1">
              <value>
                <![CDATA[22]]>
              </value>
            </param>
          </params>
          <reporter-output>
          </reporter-output>
        </test-method> <!-- validateIfWeSwitchedToHealthInsurancePage -->
        <test-method is-config="true" signature="end()[pri:0, instance:com.cts.policy_bazaar.testrunner.Scenario3_Runner@52e6fdee]" started-at="2025-07-15T10:53:14 IST" name="end" finished-at="2025-07-15T10:53:19 IST" duration-ms="5239" status="PASS">
          <reporter-output>
          </reporter-output>
        </test-method> <!-- end -->
        <test-method is-config="true" signature="init()[pri:0, instance:com.cts.policy_bazaar.testrunner.Scenario3_Runner@52e6fdee]" started-at="2025-07-15T10:53:19 IST" name="init" finished-at="2025-07-15T10:53:25 IST" duration-ms="5260" status="PASS">
          <reporter-output>
          </reporter-output>
        </test-method> <!-- init -->
        <test-method signature="validateRetrievingHealthInsuranceData()[pri:3, instance:com.cts.policy_bazaar.testrunner.Scenario3_Runner@52e6fdee]" started-at="2025-07-15T10:53:25 IST" name="validateRetrievingHealthInsuranceData" finished-at="2025-07-15T10:53:46 IST" duration-ms="21458" status="PASS">
          <reporter-output>
          </reporter-output>
        </test-method> <!-- validateRetrievingHealthInsuranceData -->
        <test-method is-config="true" signature="end()[pri:0, instance:com.cts.policy_bazaar.testrunner.Scenario3_Runner@52e6fdee]" started-at="2025-07-15T10:53:46 IST" name="end" finished-at="2025-07-15T10:53:52 IST" duration-ms="6157" status="PASS">
          <reporter-output>
          </reporter-output>
        </test-method> <!-- end -->
      </class> <!-- com.cts.policy_bazaar.testrunner.Scenario3_Runner -->
    </test> <!-- Hackathon_Project -->
  </suite> <!-- Default Suite -->
</testng-results>
